# JRE version: Java(TM) SE Runtime Environment (17.0.11+7) (build 17.0.11+7-LTS-207)
# Java VM: Java HotSpot(TM) 64-Bit Server VM (17.0.11+7-LTS-207, mixed mode, emulated-client, sharing, tiered, compressed oops, compressed class ptrs, g1 gc, windows-amd64)
GC Precious Log:
 CPUs: 4 total, 4 available
 Memory: 7934M
 Large Page Support: Disabled
 NUMA Support: Disabled
 Compressed Oops: Enabled (32-bit)
 Heap Region Size: 1M
 Heap Min Capacity: 8M
 Heap Initial Capacity: 124M
 Heap Max Capacity: 1984M
 Pre-touch: Disabled
 Parallel Workers: 4
 Concurrent Workers: 1
 Concurrent Refinement Workers: 4
 Periodic GC: Disabled
Heap:
 garbage-first heap   total 98304K, used 25735K [0x0000000084000000, 0x0000000100000000)
  region size 1024K, 14 young (14336K), 2 survivors (2048K)
 Metaspace       used 30506K, committed 30976K, reserved 1114112K
  class space    used 4136K, committed 4352K, reserved 1048576K
GC Heap History (14 events):
Event: 0.546 GC heap before
{Heap before GC invocations=0 (full 0):
 garbage-first heap   total 126976K, used 13312K [0x0000000084000000, 0x0000000100000000)
  region size 1024K, 13 young (13312K), 0 survivors (0K)
 Metaspace       used 5776K, committed 5952K, reserved 1114112K
  class space    used 713K, committed 832K, reserved 1048576K
}
Event: 0.551 GC heap after
{Heap after GC invocations=1 (full 0):
 garbage-first heap   total 126976K, used 4304K [0x0000000084000000, 0x0000000100000000)
  region size 1024K, 2 young (2048K), 2 survivors (2048K)
 Metaspace       used 5776K, committed 5952K, reserved 1114112K
  class space    used 713K, committed 832K, reserved 1048576K
}
Event: 0.811 GC heap before
{Heap before GC invocations=1 (full 0):
 garbage-first heap   total 126976K, used 17616K [0x0000000084000000, 0x0000000100000000)
  region size 1024K, 15 young (15360K), 2 survivors (2048K)
 Metaspace       used 8839K, committed 9088K, reserved 1114112K
  class space    used 1171K, committed 1280K, reserved 1048576K
}
Event: 0.815 GC heap after
{Heap after GC invocations=2 (full 0):
 garbage-first heap   total 126976K, used 5550K [0x0000000084000000, 0x0000000100000000)
  region size 1024K, 1 young (1024K), 1 survivors (1024K)
 Metaspace       used 8839K, committed 9088K, reserved 1114112K
  class space    used 1171K, committed 1280K, reserved 1048576K
}
Event: 1.111 GC heap before
{Heap before GC invocations=2 (full 0):
 garbage-first heap   total 126976K, used 30126K [0x0000000084000000, 0x0000000100000000)
  region size 1024K, 26 young (26624K), 1 survivors (1024K)
 Metaspace       used 14524K, committed 14720K, reserved 1114112K
  class space    used 1917K, committed 1984K, reserved 1048576K
}
Event: 1.114 GC heap after
{Heap after GC invocations=3 (full 0):
 garbage-first heap   total 126976K, used 7798K [0x0000000084000000, 0x0000000100000000)
  region size 1024K, 4 young (4096K), 4 survivors (4096K)
 Metaspace       used 14524K, committed 14720K, reserved 1114112K
  class space    used 1917K, committed 1984K, reserved 1048576K
}
Event: 1.705 GC heap before
{Heap before GC invocations=3 (full 0):
 garbage-first heap   total 126976K, used 49782K [0x0000000084000000, 0x0000000100000000)
  region size 1024K, 46 young (47104K), 4 survivors (4096K)
 Metaspace       used 21152K, committed 21504K, reserved 1114112K
  class space    used 2877K, committed 3072K, reserved 1048576K
}
Event: 1.712 GC heap after
{Heap after GC invocations=4 (full 0):
 garbage-first heap   total 126976K, used 10843K [0x0000000084000000, 0x0000000100000000)
  region size 1024K, 7 young (7168K), 7 survivors (7168K)
 Metaspace       used 21152K, committed 21504K, reserved 1114112K
  class space    used 2877K, committed 3072K, reserved 1048576K
}
Event: 2.050 GC heap before
{Heap before GC invocations=5 (full 0):
 garbage-first heap   total 45056K, used 33371K [0x0000000084000000, 0x0000000100000000)
  region size 1024K, 30 young (30720K), 7 survivors (7168K)
 Metaspace       used 25994K, committed 26432K, reserved 1114112K
  class space    used 3516K, committed 3712K, reserved 1048576K
}
Event: 2.059 GC heap after
{Heap after GC invocations=6 (full 0):
 garbage-first heap   total 45056K, used 12595K [0x0000000084000000, 0x0000000100000000)
  region size 1024K, 7 young (7168K), 7 survivors (7168K)
 Metaspace       used 25994K, committed 26432K, reserved 1114112K
  class space    used 3516K, committed 3712K, reserved 1048576K
}
Event: 2.067 GC heap before
{Heap before GC invocations=6 (full 0):
 garbage-first heap   total 45056K, used 13619K [0x0000000084000000, 0x0000000100000000)
  region size 1024K, 8 young (8192K), 7 survivors (7168K)
 Metaspace       used 25994K, committed 26432K, reserved 1114112K
  class space    used 3516K, committed 3712K, reserved 1048576K
}
Event: 2.076 GC heap after
{Heap after GC invocations=7 (full 0):
 garbage-first heap   total 45056K, used 13447K [0x0000000084000000, 0x0000000100000000)
  region size 1024K, 1 young (1024K), 1 survivors (1024K)
 Metaspace       used 25994K, committed 26432K, reserved 1114112K
  class space    used 3516K, committed 3712K, reserved 1048576K
}
Event: 2.327 GC heap before
{Heap before GC invocations=7 (full 0):
 garbage-first heap   total 45056K, used 30855K [0x0000000084000000, 0x0000000100000000)
  region size 1024K, 18 young (18432K), 1 survivors (1024K)
 Metaspace       used 28540K, committed 28992K, reserved 1114112K
  class space    used 3882K, committed 4096K, reserved 1048576K
}
Event: 2.330 GC heap after
{Heap after GC invocations=8 (full 0):
 garbage-first heap   total 98304K, used 14471K [0x0000000084000000, 0x0000000100000000)
  region size 1024K, 2 young (2048K), 2 survivors (2048K)
 Metaspace       used 28540K, committed 28992K, reserved 1114112K
  class space    used 3882K, committed 4096K, reserved 1048576K
}

