# JRE version: Java(TM) SE Runtime Environment (17.0.11+7) (build 17.0.11+7-LTS-207)
# Java VM: Java HotSpot(TM) 64-Bit Server VM (17.0.11+7-LTS-207, mixed mode, emulated-client, sharing, tiered, compressed oops, compressed class ptrs, g1 gc, windows-amd64)
GC Precious Log:
 CPUs: 4 total, 4 available
 Memory: 7934M
 Large Page Support: Disabled
 NUMA Support: Disabled
 Compressed Oops: Enabled (32-bit)
 Heap Region Size: 1M
 Heap Min Capacity: 8M
 Heap Initial Capacity: 124M
 Heap Max Capacity: 1984M
 Pre-touch: Disabled
 Parallel Workers: 4
 Concurrent Workers: 1
 Concurrent Refinement Workers: 4
 Periodic GC: Disabled
Heap:
 garbage-first heap   total 95232K, used 25730K [0x0000000084000000, 0x0000000100000000)
  region size 1024K, 14 young (14336K), 2 survivors (2048K)
 Metaspace       used 30559K, committed 31040K, reserved 1114112K
  class space    used 4143K, committed 4416K, reserved 1048576K
GC Heap History (14 events):
Event: 0.552 GC heap before
{Heap before GC invocations=0 (full 0):
 garbage-first heap   total 126976K, used 13312K [0x0000000084000000, 0x0000000100000000)
  region size 1024K, 13 young (13312K), 0 survivors (0K)
 Metaspace       used 5776K, committed 5952K, reserved 1114112K
  class space    used 713K, committed 832K, reserved 1048576K
}
Event: 0.558 GC heap after
{Heap after GC invocations=1 (full 0):
 garbage-first heap   total 126976K, used 4293K [0x0000000084000000, 0x0000000100000000)
  region size 1024K, 2 young (2048K), 2 survivors (2048K)
 Metaspace       used 5776K, committed 5952K, reserved 1114112K
  class space    used 713K, committed 832K, reserved 1048576K
}
Event: 0.823 GC heap before
{Heap before GC invocations=1 (full 0):
 garbage-first heap   total 126976K, used 17605K [0x0000000084000000, 0x0000000100000000)
  region size 1024K, 15 young (15360K), 2 survivors (2048K)
 Metaspace       used 8850K, committed 9088K, reserved 1114112K
  class space    used 1173K, committed 1280K, reserved 1048576K
}
Event: 0.827 GC heap after
{Heap after GC invocations=2 (full 0):
 garbage-first heap   total 126976K, used 5695K [0x0000000084000000, 0x0000000100000000)
  region size 1024K, 2 young (2048K), 2 survivors (2048K)
 Metaspace       used 8850K, committed 9088K, reserved 1114112K
  class space    used 1173K, committed 1280K, reserved 1048576K
}
Event: 1.139 GC heap before
{Heap before GC invocations=2 (full 0):
 garbage-first heap   total 126976K, used 30271K [0x0000000084000000, 0x0000000100000000)
  region size 1024K, 27 young (27648K), 2 survivors (2048K)
 Metaspace       used 14707K, committed 14976K, reserved 1114112K
  class space    used 1945K, committed 2048K, reserved 1048576K
}
Event: 1.143 GC heap after
{Heap after GC invocations=3 (full 0):
 garbage-first heap   total 126976K, used 7889K [0x0000000084000000, 0x0000000100000000)
  region size 1024K, 4 young (4096K), 4 survivors (4096K)
 Metaspace       used 14707K, committed 14976K, reserved 1114112K
  class space    used 1945K, committed 2048K, reserved 1048576K
}
Event: 1.770 GC heap before
{Heap before GC invocations=3 (full 0):
 garbage-first heap   total 126976K, used 47825K [0x0000000084000000, 0x0000000100000000)
  region size 1024K, 45 young (46080K), 4 survivors (4096K)
 Metaspace       used 21160K, committed 21504K, reserved 1114112K
  class space    used 2878K, committed 3008K, reserved 1048576K
}
Event: 1.777 GC heap after
{Heap after GC invocations=4 (full 0):
 garbage-first heap   total 126976K, used 10884K [0x0000000084000000, 0x0000000100000000)
  region size 1024K, 7 young (7168K), 7 survivors (7168K)
 Metaspace       used 21160K, committed 21504K, reserved 1114112K
  class space    used 2878K, committed 3008K, reserved 1048576K
}
Event: 2.122 GC heap before
{Heap before GC invocations=5 (full 0):
 garbage-first heap   total 45056K, used 33412K [0x0000000084000000, 0x0000000100000000)
  region size 1024K, 30 young (30720K), 7 survivors (7168K)
 Metaspace       used 26034K, committed 26496K, reserved 1114112K
  class space    used 3525K, committed 3776K, reserved 1048576K
}
Event: 2.131 GC heap after
{Heap after GC invocations=6 (full 0):
 garbage-first heap   total 45056K, used 13150K [0x0000000084000000, 0x0000000100000000)
  region size 1024K, 8 young (8192K), 8 survivors (8192K)
 Metaspace       used 26034K, committed 26496K, reserved 1114112K
  class space    used 3525K, committed 3776K, reserved 1048576K
}
Event: 2.137 GC heap before
{Heap before GC invocations=6 (full 0):
 garbage-first heap   total 45056K, used 14174K [0x0000000084000000, 0x0000000100000000)
  region size 1024K, 9 young (9216K), 8 survivors (8192K)
 Metaspace       used 26034K, committed 26496K, reserved 1114112K
  class space    used 3525K, committed 3776K, reserved 1048576K
}
Event: 2.144 GC heap after
{Heap after GC invocations=7 (full 0):
 garbage-first heap   total 45056K, used 13456K [0x0000000084000000, 0x0000000100000000)
  region size 1024K, 1 young (1024K), 1 survivors (1024K)
 Metaspace       used 26034K, committed 26496K, reserved 1114112K
  class space    used 3525K, committed 3776K, reserved 1048576K
}
Event: 2.382 GC heap before
{Heap before GC invocations=7 (full 0):
 garbage-first heap   total 45056K, used 30864K [0x0000000084000000, 0x0000000100000000)
  region size 1024K, 18 young (18432K), 1 survivors (1024K)
 Metaspace       used 28609K, committed 29056K, reserved 1114112K
  class space    used 3891K, committed 4096K, reserved 1048576K
}
Event: 2.385 GC heap after
{Heap after GC invocations=8 (full 0):
 garbage-first heap   total 95232K, used 14466K [0x0000000084000000, 0x0000000100000000)
  region size 1024K, 2 young (2048K), 2 survivors (2048K)
 Metaspace       used 28609K, committed 29056K, reserved 1114112K
  class space    used 3891K, committed 4096K, reserved 1048576K
}

